<?xml version="1.0" encoding="UTF-8"?>
<!-- Generated by org.testng.reporters.JUnitReportReporter -->
<testsuite skipped="0" hostname="BUTU" name="in.swagen.framework.test.TestVararg" tests="1" failures="0" timestamp="15 Dec 2017 02:52:25 GMT" time="43.988" errors="0">
  <testcase name="test" time="43.988" classname="in.swagen.framework.test.TestVararg"/>
</testsuite> <!-- in.swagen.framework.test.TestVararg -->
