<?xml version="1.0" encoding="UTF-8"?>
<!-- Generated by org.testng.reporters.JUnitReportReporter -->
<testsuite skipped="0" hostname="BUTU" name="in.swagen.framework.test.ValidOptLogin1" tests="1" failures="0" timestamp="16 Dec 2017 14:29:32 GMT" time="47.083" errors="0">
  <testcase name="testValidOptLogin1" time="47.083" classname="in.swagen.framework.test.ValidOptLogin1"/>
</testsuite> <!-- in.swagen.framework.test.ValidOptLogin1 -->
