<?xml version="1.0" encoding="UTF-8"?>
<!-- Generated by org.testng.reporters.JUnitReportReporter -->
<testsuite skipped="0" hostname="BUTU" name="in.swagen.framework.test.DemoTest" tests="1" failures="0" timestamp="18 Dec 2017 14:43:06 GMT" time="9.235" errors="0">
  <testcase name="testDemo" time="9.235" classname="in.swagen.framework.test.DemoTest"/>
</testsuite> <!-- in.swagen.framework.test.DemoTest -->
