<?xml version="1.0" encoding="UTF-8"?>
<!-- Generated by org.testng.reporters.JUnitReportReporter -->
<testsuite skipped="0" hostname="BUTU" name="in.swagen.framework.test.ValidOptLogin" tests="1" failures="0" timestamp="16 Dec 2017 12:09:42 GMT" time="104.595" errors="0">
  <testcase name="testValidOptLogin" time="104.595" classname="in.swagen.framework.test.ValidOptLogin"/>
</testsuite> <!-- in.swagen.framework.test.ValidOptLogin -->
